# Logfile created on 2021-03-19 03:20:07 +0000 by logger.rb/v1.4.2
{"severity":"INFO","time":"2021-03-19T03:20:07.872Z","correlation_id":"01F147XMJTKBVMX4QHYRQSRYT1","message":"starting stage","import_source":"github","project_id":2,"import_stage":"Gitlab::GithubImport::Stage::ImportRepositoryWorker"}
{"severity":"INFO","time":"2021-03-19T03:20:07.880Z","correlation_id":"01F147XMJTKBVMX4QHYRQSRYT1","message":"starting importer","importer":"Importer::RepositoryImporter","import_source":"github","project_id":2,"import_stage":"Gitlab::GithubImport::Stage::ImportRepositoryWorker"}
{"severity":"INFO","time":"2021-03-19T03:20:59.046Z","correlation_id":"01F147XMJTKBVMX4QHYRQSRYT1","message":"stage finished","import_source":"github","project_id":2,"import_stage":"Gitlab::GithubImport::Stage::ImportRepositoryWorker"}
{"severity":"INFO","time":"2021-03-19T03:20:59.060Z","correlation_id":"01F147XMJTKBVMX4QHYRQSRYT1","message":"starting stage","import_source":"github","project_id":2,"import_stage":"Gitlab::GithubImport::Stage::ImportBaseDataWorker"}
{"severity":"INFO","time":"2021-03-19T03:20:59.066Z","correlation_id":"01F147XMJTKBVMX4QHYRQSRYT1","message":"starting importer","importer":"Gitlab::GithubImport::Importer::LabelsImporter","import_source":"github","project_id":2,"import_stage":"Gitlab::GithubImport::Stage::ImportBaseDataWorker"}
{"severity":"INFO","time":"2021-03-19T03:21:32.470Z","correlation_id":"01F147XMJTKBVMX4QHYRQSRYT1","message":"starting importer","importer":"Gitlab::GithubImport::Importer::MilestonesImporter","import_source":"github","project_id":2,"import_stage":"Gitlab::GithubImport::Stage::ImportBaseDataWorker"}
{"severity":"INFO","time":"2021-03-19T03:21:48.814Z","correlation_id":"01F147XMJTKBVMX4QHYRQSRYT1","message":"starting importer","importer":"Gitlab::GithubImport::Importer::ReleasesImporter","import_source":"github","project_id":2,"import_stage":"Gitlab::GithubImport::Stage::ImportBaseDataWorker"}
{"severity":"INFO","time":"2021-03-19T03:22:05.455Z","correlation_id":"01F147XMJTKBVMX4QHYRQSRYT1","message":"stage finished","import_source":"github","project_id":2,"import_stage":"Gitlab::GithubImport::Stage::ImportBaseDataWorker"}
{"severity":"INFO","time":"2021-03-19T03:22:05.471Z","correlation_id":"01F147XMJTKBVMX4QHYRQSRYT1","message":"starting stage","import_source":"github","project_id":2,"import_stage":"Gitlab::GithubImport::Stage::ImportPullRequestsWorker"}
{"severity":"INFO","time":"2021-03-19T03:22:05.478Z","correlation_id":"01F147XMJTKBVMX4QHYRQSRYT1","message":"starting importer","importer":"Importer::PullRequestsImporter","import_source":"github","project_id":2,"import_stage":"Gitlab::GithubImport::Stage::ImportPullRequestsWorker"}
{"severity":"INFO","time":"2021-03-19T03:22:05.478Z","correlation_id":"01F147XMJTKBVMX4QHYRQSRYT1","message":"starting importer","import_source":"github","project_id":2,"importer":"Gitlab::GithubImport::Importer::PullRequestImporter","parallel":true}
{"severity":"INFO","time":"2021-03-19T03:22:38.129Z","correlation_id":"01F147XMJTKBVMX4QHYRQSRYT1","message":"importer finished","import_source":"github","project_id":2,"importer":"Gitlab::GithubImport::Importer::PullRequestImporter","parallel":true}
{"severity":"INFO","time":"2021-03-19T03:22:38.134Z","correlation_id":"01F147XMJTKBVMX4QHYRQSRYT1","message":"stage finished","import_source":"github","project_id":2,"import_stage":"Gitlab::GithubImport::Stage::ImportPullRequestsWorker"}
{"severity":"INFO","time":"2021-03-19T03:22:38.165Z","correlation_id":"01F147XMJTKBVMX4QHYRQSRYT1","message":"starting stage","import_source":"github","project_id":2,"import_stage":"Gitlab::GithubImport::Stage::ImportPullRequestsMergedByWorker"}
{"severity":"INFO","time":"2021-03-19T03:22:38.171Z","correlation_id":"01F147XMJTKBVMX4QHYRQSRYT1","message":"starting importer","import_source":"github","project_id":2,"importer":"Gitlab::GithubImport::Importer::PullRequestMergedByImporter","parallel":true}
{"severity":"INFO","time":"2021-03-19T03:22:38.176Z","correlation_id":"01F147XMJTKBVMX4QHYRQSRYT1","message":"importer finished","import_source":"github","project_id":2,"importer":"Gitlab::GithubImport::Importer::PullRequestMergedByImporter","parallel":true}
{"severity":"INFO","time":"2021-03-19T03:22:38.179Z","correlation_id":"01F147XMJTKBVMX4QHYRQSRYT1","message":"stage finished","import_source":"github","project_id":2,"import_stage":"Gitlab::GithubImport::Stage::ImportPullRequestsMergedByWorker"}
{"severity":"INFO","time":"2021-03-19T03:22:38.201Z","correlation_id":"01F147XMJTKBVMX4QHYRQSRYT1","message":"starting stage","import_source":"github","project_id":2,"import_stage":"Gitlab::GithubImport::Stage::ImportPullRequestsReviewsWorker"}
{"severity":"INFO","time":"2021-03-19T03:22:38.207Z","correlation_id":"01F147XMJTKBVMX4QHYRQSRYT1","message":"starting importer","import_source":"github","project_id":2,"importer":"Gitlab::GithubImport::Importer::PullRequestReviewImporter","parallel":true}
{"severity":"INFO","time":"2021-03-19T03:22:38.209Z","correlation_id":"01F147XMJTKBVMX4QHYRQSRYT1","message":"importer finished","import_source":"github","project_id":2,"importer":"Gitlab::GithubImport::Importer::PullRequestReviewImporter","parallel":true}
{"severity":"INFO","time":"2021-03-19T03:22:38.212Z","correlation_id":"01F147XMJTKBVMX4QHYRQSRYT1","message":"stage finished","import_source":"github","project_id":2,"import_stage":"Gitlab::GithubImport::Stage::ImportPullRequestsReviewsWorker"}
{"severity":"INFO","time":"2021-03-19T03:22:38.234Z","correlation_id":"01F147XMJTKBVMX4QHYRQSRYT1","message":"starting stage","import_source":"github","project_id":2,"import_stage":"Gitlab::GithubImport::Stage::ImportIssuesAndDiffNotesWorker"}
{"severity":"INFO","time":"2021-03-19T03:22:38.241Z","correlation_id":"01F147XMJTKBVMX4QHYRQSRYT1","message":"starting importer","importer":"Gitlab::GithubImport::Importer::IssuesImporter","import_source":"github","project_id":2,"import_stage":"Gitlab::GithubImport::Stage::ImportIssuesAndDiffNotesWorker"}
{"severity":"INFO","time":"2021-03-19T03:22:38.241Z","correlation_id":"01F147XMJTKBVMX4QHYRQSRYT1","message":"starting importer","import_source":"github","project_id":2,"importer":"Gitlab::GithubImport::Importer::IssueAndLabelLinksImporter","parallel":true}
{"severity":"INFO","time":"2021-03-19T03:23:11.002Z","correlation_id":"01F147XMJTKBVMX4QHYRQSRYT1","message":"importer finished","import_source":"github","project_id":2,"importer":"Gitlab::GithubImport::Importer::IssueAndLabelLinksImporter","parallel":true}
{"severity":"INFO","time":"2021-03-19T03:23:11.010Z","correlation_id":"01F147XMJTKBVMX4QHYRQSRYT1","message":"starting importer","importer":"Gitlab::GithubImport::Importer::DiffNotesImporter","import_source":"github","project_id":2,"import_stage":"Gitlab::GithubImport::Stage::ImportIssuesAndDiffNotesWorker"}
{"severity":"INFO","time":"2021-03-19T03:23:11.017Z","correlation_id":"01F147XMJTKBVMX4QHYRQSRYT1","message":"starting importer","import_source":"github","project_id":2,"importer":"Gitlab::GithubImport::Importer::DiffNoteImporter","parallel":true}
{"severity":"INFO","time":"2021-03-19T03:23:27.643Z","correlation_id":"01F147XMJTKBVMX4QHYRQSRYT1","message":"importer finished","import_source":"github","project_id":2,"importer":"Gitlab::GithubImport::Importer::DiffNoteImporter","parallel":true}
{"severity":"INFO","time":"2021-03-19T03:23:27.645Z","correlation_id":"01F147XMJTKBVMX4QHYRQSRYT1","message":"stage finished","import_source":"github","project_id":2,"import_stage":"Gitlab::GithubImport::Stage::ImportIssuesAndDiffNotesWorker"}
{"severity":"INFO","time":"2021-03-19T03:23:27.662Z","correlation_id":"01F147XMJTKBVMX4QHYRQSRYT1","message":"starting stage","import_source":"github","project_id":2,"import_stage":"Gitlab::GithubImport::Stage::ImportNotesWorker"}
{"severity":"INFO","time":"2021-03-19T03:23:27.668Z","correlation_id":"01F147XMJTKBVMX4QHYRQSRYT1","message":"starting importer","importer":"Importer::NotesImporter","import_source":"github","project_id":2,"import_stage":"Gitlab::GithubImport::Stage::ImportNotesWorker"}
{"severity":"INFO","time":"2021-03-19T03:23:27.668Z","correlation_id":"01F147XMJTKBVMX4QHYRQSRYT1","message":"starting importer","import_source":"github","project_id":2,"importer":"Gitlab::GithubImport::Importer::NoteImporter","parallel":true}
{"severity":"INFO","time":"2021-03-19T03:24:00.658Z","correlation_id":"01F147XMJTKBVMX4QHYRQSRYT1","message":"importer finished","import_source":"github","project_id":2,"importer":"Gitlab::GithubImport::Importer::NoteImporter","parallel":true}
{"severity":"INFO","time":"2021-03-19T03:24:00.661Z","correlation_id":"01F147XMJTKBVMX4QHYRQSRYT1","message":"stage finished","import_source":"github","project_id":2,"import_stage":"Gitlab::GithubImport::Stage::ImportNotesWorker"}
{"severity":"INFO","time":"2021-03-19T03:24:00.684Z","correlation_id":"01F147XMJTKBVMX4QHYRQSRYT1","message":"starting importer","importer":"Importer::LfsObjectsImporter","import_source":"github","project_id":2,"import_stage":"Gitlab::GithubImport::Stage::ImportLfsObjectsWorker"}
{"severity":"INFO","time":"2021-03-19T03:24:00.684Z","correlation_id":"01F147XMJTKBVMX4QHYRQSRYT1","message":"starting importer","import_source":"github","project_id":2,"importer":"Gitlab::GithubImport::Importer::LfsObjectImporter","parallel":true}
{"severity":"INFO","time":"2021-03-19T03:24:00.710Z","correlation_id":"01F147XMJTKBVMX4QHYRQSRYT1","message":"importer finished","import_source":"github","project_id":2,"importer":"Gitlab::GithubImport::Importer::LfsObjectImporter","parallel":true}
{"severity":"INFO","time":"2021-03-19T03:24:00.732Z","correlation_id":"01F147XMJTKBVMX4QHYRQSRYT1","message":"starting stage","import_source":"github","project_id":2,"import_stage":"Gitlab::GithubImport::Stage::FinishImportWorker"}
{"severity":"INFO","time":"2021-03-19T03:24:00.970Z","correlation_id":"01F147XMJTKBVMX4QHYRQSRYT1","message":"GitHub project import finished","duration_s":242.13,"import_source":"github","project_id":2,"import_stage":"Gitlab::GithubImport::Stage::FinishImportWorker"}
{"severity":"INFO","time":"2021-03-19T03:24:00.970Z","correlation_id":"01F147XMJTKBVMX4QHYRQSRYT1","message":"stage finished","import_source":"github","project_id":2,"import_stage":"Gitlab::GithubImport::Stage::FinishImportWorker"}
